<?xml version="1.0" encoding="UTF-8"?>
<!-- Generated by org.testng.reporters.JUnitXMLReporter -->
<testsuite hostname="BLRABEHE175889" name="Test1" tests="1" failures="1" timestamp="3 Oct 2017 16:23:43 GMT" time="67.451" errors="0">
  <testcase name="WebAppDemo" time="12.964" classname="amazon.WebAppTest">
    <failure type="org.openqa.selenium.NoSuchElementException" message="no such element: Unable to locate element: {&amp;quot;method&amp;quot;:&amp;quot;id&amp;quot;,&amp;quot;selector&amp;quot;:&amp;quot;id=q&amp;quot;}
  (Session info: chrome=61.0.3163.98)
  (Driver info: chromedriver=2.30.477700 (0057494ad8732195794a7b32078424f92a5fce41),platform=Windows NT 6.1.7601 SP1 x86_64) (WARNING: The server did not provide any stacktrace information)
Command duration or timeout: 10.10 seconds
For documentation on this error, please visit: http://seleniumhq.org/exceptions/no_such_element.html
Build info: version: &amp;apos;3.4.0&amp;apos;, revision: &amp;apos;unknown&amp;apos;, time: &amp;apos;unknown&amp;apos;
System info: host: &amp;apos;BLRABEHE175889&amp;apos;, ip: &amp;apos;10.102.35.148&amp;apos;, os.name: &amp;apos;Windows 7&amp;apos;, os.arch: &amp;apos;amd64&amp;apos;, os.version: &amp;apos;6.1&amp;apos;, java.version: &amp;apos;1.8.0_121&amp;apos;
Driver info: io.appium.java_client.android.AndroidDriver
Capabilities [{deviceScreenSize=720x1280, networkConnectionEnabled=true, noReset=true, warnings={}, databaseEnabled=false, version=, deviceName=463adad7ce4, platform=ANY, deviceUDID=463adad7ce4, desired={noReset=true, platformVersion=6.0.1, browserName=Chrome, platformName=Android, version=, deviceName=Redmi, platform=ANY}, platformVersion=6.0.1, webStorageEnabled=false, locationContextEnabled=false, takesScreenshot=true, browserName=Chrome, javascriptEnabled=true, deviceModel=Redmi 4, platformName=Android, deviceManufacturer=Xiaomi}]
Session ID: 426e62a8-dcf6-4e08-ac57-59f930dc2812
*** Element info: {Using=id, value=id=q}">
      <![CDATA[org.openqa.selenium.NoSuchElementException: no such element: Unable to locate element: {"method":"id","selector":"id=q"}
  (Session info: chrome=61.0.3163.98)
  (Driver info: chromedriver=2.30.477700 (0057494ad8732195794a7b32078424f92a5fce41),platform=Windows NT 6.1.7601 SP1 x86_64) (WARNING: The server did not provide any stacktrace information)
Command duration or timeout: 10.10 seconds
For documentation on this error, please visit: http://seleniumhq.org/exceptions/no_such_element.html
Build info: version: '3.4.0', revision: 'unknown', time: 'unknown'
System info: host: 'BLRABEHE175889', ip: '10.102.35.148', os.name: 'Windows 7', os.arch: 'amd64', os.version: '6.1', java.version: '1.8.0_121'
Driver info: io.appium.java_client.android.AndroidDriver
Capabilities [{deviceScreenSize=720x1280, networkConnectionEnabled=true, noReset=true, warnings={}, databaseEnabled=false, version=, deviceName=463adad7ce4, platform=ANY, deviceUDID=463adad7ce4, desired={noReset=true, platformVersion=6.0.1, browserName=Chrome, platformName=Android, version=, deviceName=Redmi, platform=ANY}, platformVersion=6.0.1, webStorageEnabled=false, locationContextEnabled=false, takesScreenshot=true, browserName=Chrome, javascriptEnabled=true, deviceModel=Redmi 4, platformName=Android, deviceManufacturer=Xiaomi}]
Session ID: 426e62a8-dcf6-4e08-ac57-59f930dc2812
*** Element info: {Using=id, value=id=q}
	at org.openqa.selenium.remote.ErrorHandler.createThrowable(ErrorHandler.java:215)
	at org.openqa.selenium.remote.ErrorHandler.throwIfResponseFailed(ErrorHandler.java:167)
	at org.openqa.selenium.remote.RemoteWebDriver.execute(RemoteWebDriver.java:671)
	at io.appium.java_client.DefaultGenericMobileDriver.execute(DefaultGenericMobileDriver.java:40)
	at io.appium.java_client.AppiumDriver.execute(AppiumDriver.java:1)
	at io.appium.java_client.android.AndroidDriver.execute(AndroidDriver.java:1)
	at org.openqa.selenium.remote.RemoteWebDriver.findElement(RemoteWebDriver.java:410)
	at io.appium.java_client.DefaultGenericMobileDriver.findElement(DefaultGenericMobileDriver.java:56)
	at io.appium.java_client.AppiumDriver.findElement(AppiumDriver.java:1)
	at io.appium.java_client.android.AndroidDriver.findElement(AndroidDriver.java:1)
	at org.openqa.selenium.remote.RemoteWebDriver.findElementById(RemoteWebDriver.java:453)
	at io.appium.java_client.DefaultGenericMobileDriver.findElementById(DefaultGenericMobileDriver.java:64)
	at io.appium.java_client.AppiumDriver.findElementById(AppiumDriver.java:1)
	at io.appium.java_client.android.AndroidDriver.findElementById(AndroidDriver.java:1)
	at org.openqa.selenium.By$ById.findElement(By.java:218)
	at org.openqa.selenium.remote.RemoteWebDriver.findElement(RemoteWebDriver.java:402)
	at io.appium.java_client.DefaultGenericMobileDriver.findElement(DefaultGenericMobileDriver.java:52)
	at io.appium.java_client.AppiumDriver.findElement(AppiumDriver.java:1)
	at io.appium.java_client.android.AndroidDriver.findElement(AndroidDriver.java:1)
	at amazon.WebAppTest.WebAppDemo(WebAppTest.java:86)
... Removed 31 stack frames]]>
    </failure>
  </testcase> <!-- WebAppDemo -->
</testsuite> <!-- Test1 -->
